Running: F:\ProgramFiles\ISE\ISE_DS\ISE\bin\nt\unwrapped\fuse.exe -intstyle ise -incremental -lib unisims_ver -lib unimacro_ver -lib xilinxcorelib_ver -o F:/verilog_work/encoder_8b10b/encoder_8b10b_tb_isim_beh.exe -prj F:/verilog_work/encoder_8b10b/encoder_8b10b_tb_beh.prj work.encoder_8b10b_tb work.glbl 
ISim O.40d (signature 0x79f3f3a8)
Number of CPUs detected in this system: 4
Turning on mult-threading, number of parallel sub-compilation jobs: 8 
Determining compilation order of HDL files
Analyzing Verilog file \"F:/verilog_work/encoder_8b10b/encoder_8b10b.v\" into library work
Analyzing Verilog file \"F:/verilog_work/encoder_8b10b/encoder_8b10b_tb.v\" into library work
Analyzing Verilog file \"F:/ProgramFiles/ISE/ISE_DS/ISE//verilog/src/glbl.v\" into library work
Starting static elaboration
Completed static elaboration
Fuse Memory Usage: 154164 KB
Fuse CPU Usage: 109 ms
Compiling module encoder_8b10b
Compiling module encoder_8b10b_tb
Compiling module glbl
Time Resolution for simulation is 1ps.
Waiting for 1 sub-compilation(s) to finish...
Compiled 3 Verilog Units
Built simulation executable F:/verilog_work/encoder_8b10b/encoder_8b10b_tb_isim_beh.exe
Fuse Memory Usage: 162008 KB
Fuse CPU Usage: 218 ms
